{"name": "test_29_remember_me_button", "status": "failed", "statusDetails": {"message": "AssertionError: True is not None", "trace": "self = <tests.test_login_chrome.TestLogin testMethod=test_29_remember_me_button>\n\n    @allure.description('test that checks if the site remember me button works')\n    @allure.severity('High')\n    def test_29_remember_me_button(self):\n        hp.HomePage.hello_guest_button_click(self)\n        lp.LoginPage.send_valid_phone_number(self)\n        lp.LoginPage.remember_me_btn_click(self)\n        lp.LoginPage.login_btn_click(self)\n        lp.LoginPage.input_valid_code(self)\n        lp.LoginPage.confirm_code_button_click(self)\n        td.sleep(5)\n        lp.LoginPage.disconnect_btn_click(self)\n        hp.HomePage.hello_guest_button_click(self)\n        lp.LoginPage.send_valid_phone_number(self)\n        lp.LoginPage.login_btn_click(self)\n>       self.assertIsNone(self.my_driver.find_element(*llc.LoginLocators.code_input,).is_displayed())\nE       AssertionError: True is not None\n\ntests\\test_login_chrome.py:91: AssertionError"}, "description": "test that checks if the site remember me button works", "start": 1680437124870, "stop": 1680437141745, "uuid": "cc7e18ab-76e4-4d85-b5bf-12cd8989dd76", "historyId": "1a772b60efd05548a9d915c1949826d3", "testCaseId": "e97f2f1f469903d89855e81a2f98ac70", "fullName": "tests.test_login_chrome.TestLogin#test_29_remember_me_button", "labels": [{"name": "severity", "value": "High"}, {"name": "parentSuite", "value": "tests"}, {"name": "suite", "value": "test_login_chrome"}, {"name": "subSuite", "value": "TestLogin"}, {"name": "host", "value": "AlexanderZak"}, {"name": "thread", "value": "37292-MainThread"}, {"name": "framework", "value": "pytest"}, {"name": "language", "value": "cpython3"}, {"name": "package", "value": "tests.test_login_chrome"}]}