{"name": "test_29_remember_me_button", "status": "failed", "statusDetails": {"message": "AssertionError: True is not None", "trace": "self = <tests.test_login_chrome.TestLogin testMethod=test_29_remember_me_button>\n\n    @allure.description('test that checks if the site remember me button works')\n    @allure.severity('High')\n    def test_29_remember_me_button(self):\n        hp.HomePage.hello_guest_button_click(self)\n        lp.LoginPage.wait_until_phone_field_is_displayed(self)\n        self.my_driver.find_element(*ll.LoginLocators.phone_field, ).send_keys('0527088611')\n        self.my_driver.find_element(*ll.LoginLocators.remember_me_btn).click()\n        self.my_driver.find_element(*ll.LoginLocators.login_button, ).click()\n        td.WDW(self.my_driver, 5).until(td.EC.visibility_of_element_located((*llc.LoginLocators.code_input,)))\n        lp.LoginPage.input_valid_code(self)\n        self.my_driver.find_element(*llc.LoginLocators.confirm_code_button, ).click()\n        td.sleep(5)\n        lp.LoginPage.disconnect_btn_click(self)\n        td.WDW(self.my_driver, 5).until(td.EC.visibility_of_element_located((*hpl.HeaderLocators.hello_guest_button,)))\n        hp.HomePage.hello_guest_button_click(self)\n        lp.LoginPage.wait_until_phone_field_is_displayed(self)\n        self.my_driver.find_element(*ll.LoginLocators.phone_field, ).send_keys('0527088611')\n        self.my_driver.find_element(*ll.LoginLocators.login_button, ).click()\n>       self.assertIsNone(self.my_driver.find_element(*llc.LoginLocators.code_input,).is_displayed())\nE       AssertionError: True is not None\n\ntests\\test_login_chrome.py:102: AssertionError"}, "description": "test that checks if the site remember me button works", "start": 1680290928744, "stop": 1680290945647, "uuid": "7041e10e-e5f8-43ec-afb8-66996a79a241", "historyId": "1a772b60efd05548a9d915c1949826d3", "testCaseId": "e97f2f1f469903d89855e81a2f98ac70", "fullName": "tests.test_login_chrome.TestLogin#test_29_remember_me_button", "labels": [{"name": "severity", "value": "High"}, {"name": "parentSuite", "value": "tests"}, {"name": "suite", "value": "test_login_chrome"}, {"name": "subSuite", "value": "TestLogin"}, {"name": "host", "value": "AlexanderZak"}, {"name": "thread", "value": "37372-MainThread"}, {"name": "framework", "value": "pytest"}, {"name": "language", "value": "cpython3"}, {"name": "package", "value": "tests.test_login_chrome"}]}